============================= test session starts ==============================
platform linux -- Python 3.9.7, pytest-6.2.5, py-1.10.0, pluggy-1.0.0
rootdir: /srv/www
collected 1 item

todo_app/tests/function_test.py ============================= test session starts ==============================
platform linux -- Python 3.9.7, pytest-6.2.5, py-1.10.0, pluggy-1.0.0
rootdir: /srv/www
collected 1 item

todo_app/tests/function_test.py ============================= test session starts ==============================
platform linux -- Python 3.9.7, pytest-6.2.5, py-1.10.0, pluggy-1.0.0
rootdir: /srv/www
collected 1 item

todo_app/tests/function_test.py ..                                        [100%]                                        [100%]

=============================== warnings summary ===============================
.venv/lib/python3.9/site-packages/flask/json/__init__.py:31
  /srv/www/.venv/lib/python3.9/site-packages/flask/json/__init__.py:31: DeprecationWarning: Importing 'itsdangerous.json' is deprecated and will be removed in ItsDangerous 2.1. Use Python's 'json' module instead.
    _slash_escape = "\\/" not in _json.dumps("/")

.venv/lib/python3.9/site-packages/flask/json/__init__.py:61
  /srv/www/.venv/lib/python3.9/site-packages/flask/json/__init__.py:61: DeprecationWarning: Importing 'itsdangerous.json' is deprecated and will be removed in ItsDangerous 2.1. Use Python's 'json' module instead.
    class JSONEncoder(_json.JSONEncoder):

.venv/lib/python3.9/site-packages/flask/json/__init__.py:103
  /srv/www/.venv/lib/python3.9/site-packages/flask/json/__init__.py:103: DeprecationWarning: Importing 'itsdangerous.json' is deprecated and will be removed in ItsDangerous 2.1. Use Python's 'json' module instead.
    class JSONDecoder(_json.JSONDecoder):

-- Docs: https://docs.pytest.org/en/stable/warnings.html
======================== 1 passed, 3 warnings in 0.60s =========================


=============================== warnings summary ===============================
.venv/lib/python3.9/site-packages/flask/json/__init__.py:31
  /srv/www/.venv/lib/python3.9/site-packages/flask/json/__init__.py:31: DeprecationWarning: Importing 'itsdangerous.json' is deprecated and will be removed in ItsDangerous 2.1. Use Python's 'json' module instead.
    _slash_escape = "\\/" not in _json.dumps("/")

.venv/lib/python3.9/site-packages/flask/json/__init__.py:61
  /srv/www/.venv/lib/python3.9/site-packages/flask/json/__init__.py:61: DeprecationWarning: Importing 'itsdangerous.json' is deprecated and will be removed in ItsDangerous 2.1. Use Python's 'json' module instead.
    class JSONEncoder(_json.JSONEncoder):

.venv/lib/python3.9/site-packages/flask/json/__init__.py:103
  /srv/www/.venv/lib/python3.9/site-packages/flask/json/__init__.py:103: DeprecationWarning: Importing 'itsdangerous.json' is deprecated and will be removed in ItsDangerous 2.1. Use Python's 'json' module instead.
    class JSONDecoder(_json.JSONDecoder):

-- Docs: https://docs.pytest.org/en/stable/warnings.html
======================== 1 passed, 3 warnings in 0.69s =========================
.                                        [100%]

=============================== warnings summary ===============================
.venv/lib/python3.9/site-packages/flask/json/__init__.py:31
  /srv/www/.venv/lib/python3.9/site-packages/flask/json/__init__.py:31: DeprecationWarning: Importing 'itsdangerous.json' is deprecated and will be removed in ItsDangerous 2.1. Use Python's 'json' module instead.
    _slash_escape = "\\/" not in _json.dumps("/")

.venv/lib/python3.9/site-packages/flask/json/__init__.py:61
  /srv/www/.venv/lib/python3.9/site-packages/flask/json/__init__.py:61: DeprecationWarning: Importing 'itsdangerous.json' is deprecated and will be removed in ItsDangerous 2.1. Use Python's 'json' module instead.
    class JSONEncoder(_json.JSONEncoder):

.venv/lib/python3.9/site-packages/flask/json/__init__.py:103
  /srv/www/.venv/lib/python3.9/site-packages/flask/json/__init__.py:103: DeprecationWarning: Importing 'itsdangerous.json' is deprecated and will be removed in ItsDangerous 2.1. Use Python's 'json' module instead.
    class JSONDecoder(_json.JSONDecoder):

-- Docs: https://docs.pytest.org/en/stable/warnings.html
======================== 1 passed, 3 warnings in 0.64s =========================
